{"/Users/romeoenso/Desktop/refluens/exam/ozou-todo/server/src/index.js": {"path":"/Users/romeoenso/Desktop/refluens/exam/ozou-todo/server/src/index.js","statementMap":{"0":{"start":{"line":1,"column":0},"end":{"line":1,"column":25}},"1":{"start":{"line":2,"column":16},"end":{"line":2,"column":34}},"2":{"start":{"line":4,"column":19},"end":{"line":4,"column":49}},"3":{"start":{"line":5,"column":15},"end":{"line":5,"column":41}},"4":{"start":{"line":6,"column":12},"end":{"line":6,"column":21}},"5":{"start":{"line":8,"column":0},"end":{"line":8,"column":16}},"6":{"start":{"line":9,"column":0},"end":{"line":9,"column":12}},"7":{"start":{"line":11,"column":0},"end":{"line":11,"column":21}}},"fnMap":{},"branchMap":{},"s":{"0":1,"1":1,"2":1,"3":1,"4":1,"5":1,"6":1,"7":1},"f":{},"b":{},"_coverageSchema":"1a1c01bbd47fc00a2c39e90264f33305004495a9","hash":"735e3bd7b41f5f8f48c16d2b6c7152b48e717e8b"}
,"/Users/romeoenso/Desktop/refluens/exam/ozou-todo/server/src/api/todos/controller.js": {"path":"/Users/romeoenso/Desktop/refluens/exam/ozou-todo/server/src/api/todos/controller.js","statementMap":{"0":{"start":{"line":1,"column":10},"end":{"line":1,"column":27}},"1":{"start":{"line":2,"column":15},"end":{"line":2,"column":38}},"2":{"start":{"line":4,"column":26},"end":{"line":4,"column":32}},"3":{"start":{"line":6,"column":0},"end":{"line":12,"column":1}},"4":{"start":{"line":7,"column":16},"end":{"line":10,"column":4}},"5":{"start":{"line":11,"column":2},"end":{"line":11,"column":25}},"6":{"start":{"line":14,"column":0},"end":{"line":22,"column":1}},"7":{"start":{"line":15,"column":18},"end":{"line":15,"column":26}},"8":{"start":{"line":17,"column":15},"end":{"line":20,"column":4}},"9":{"start":{"line":21,"column":2},"end":{"line":21,"column":23}},"10":{"start":{"line":24,"column":0},"end":{"line":47,"column":1}},"11":{"start":{"line":25,"column":13},"end":{"line":25,"column":26}},"12":{"start":{"line":26,"column":18},"end":{"line":26,"column":26}},"13":{"start":{"line":28,"column":13},"end":{"line":31,"column":4}},"14":{"start":{"line":33,"column":2},"end":{"line":33,"column":61}},"15":{"start":{"line":33,"column":13},"end":{"line":33,"column":61}},"16":{"start":{"line":35,"column":2},"end":{"line":42,"column":3}},"17":{"start":{"line":36,"column":4},"end":{"line":41,"column":5}},"18":{"start":{"line":38,"column":8},"end":{"line":38,"column":50}},"19":{"start":{"line":39,"column":8},"end":{"line":39,"column":19}},"20":{"start":{"line":44,"column":2},"end":{"line":44,"column":29}},"21":{"start":{"line":46,"column":2},"end":{"line":46,"column":24}},"22":{"start":{"line":49,"column":0},"end":{"line":58,"column":1}},"23":{"start":{"line":50,"column":18},"end":{"line":50,"column":26}},"24":{"start":{"line":52,"column":18},"end":{"line":55,"column":4}},"25":{"start":{"line":57,"column":2},"end":{"line":57,"column":26}},"26":{"start":{"line":60,"column":0},"end":{"line":74,"column":1}},"27":{"start":{"line":61,"column":13},"end":{"line":61,"column":26}},"28":{"start":{"line":62,"column":18},"end":{"line":62,"column":26}},"29":{"start":{"line":64,"column":16},"end":{"line":67,"column":4}},"30":{"start":{"line":69,"column":2},"end":{"line":69,"column":67}},"31":{"start":{"line":69,"column":16},"end":{"line":69,"column":67}},"32":{"start":{"line":71,"column":2},"end":{"line":71,"column":32}},"33":{"start":{"line":73,"column":2},"end":{"line":73,"column":27}}},"fnMap":{"0":{"name":"(anonymous_0)","decl":{"start":{"line":6,"column":19},"end":{"line":6,"column":20}},"loc":{"start":{"line":6,"column":39},"end":{"line":12,"column":1}},"line":6},"1":{"name":"(anonymous_1)","decl":{"start":{"line":14,"column":20},"end":{"line":14,"column":21}},"loc":{"start":{"line":14,"column":39},"end":{"line":22,"column":1}},"line":14},"2":{"name":"(anonymous_2)","decl":{"start":{"line":24,"column":21},"end":{"line":24,"column":22}},"loc":{"start":{"line":24,"column":40},"end":{"line":47,"column":1}},"line":24},"3":{"name":"(anonymous_3)","decl":{"start":{"line":37,"column":24},"end":{"line":37,"column":25}},"loc":{"start":{"line":37,"column":39},"end":{"line":40,"column":7}},"line":37},"4":{"name":"(anonymous_4)","decl":{"start":{"line":49,"column":24},"end":{"line":49,"column":25}},"loc":{"start":{"line":49,"column":43},"end":{"line":58,"column":1}},"line":49},"5":{"name":"(anonymous_5)","decl":{"start":{"line":60,"column":24},"end":{"line":60,"column":25}},"loc":{"start":{"line":60,"column":43},"end":{"line":74,"column":1}},"line":60}},"branchMap":{"0":{"loc":{"start":{"line":33,"column":2},"end":{"line":33,"column":61}},"type":"if","locations":[{"start":{"line":33,"column":2},"end":{"line":33,"column":61}},{"start":{"line":33,"column":2},"end":{"line":33,"column":61}}],"line":33},"1":{"loc":{"start":{"line":35,"column":2},"end":{"line":42,"column":3}},"type":"if","locations":[{"start":{"line":35,"column":2},"end":{"line":42,"column":3}},{"start":{"line":35,"column":2},"end":{"line":42,"column":3}}],"line":35},"2":{"loc":{"start":{"line":69,"column":2},"end":{"line":69,"column":67}},"type":"if","locations":[{"start":{"line":69,"column":2},"end":{"line":69,"column":67}},{"start":{"line":69,"column":2},"end":{"line":69,"column":67}}],"line":69}},"s":{"0":1,"1":1,"2":1,"3":1,"4":1,"5":1,"6":1,"7":1,"8":1,"9":1,"10":1,"11":1,"12":1,"13":1,"14":1,"15":0,"16":1,"17":1,"18":2,"19":2,"20":1,"21":1,"22":1,"23":1,"24":1,"25":1,"26":1,"27":1,"28":1,"29":1,"30":1,"31":0,"32":1,"33":1},"f":{"0":1,"1":1,"2":1,"3":2,"4":1,"5":1},"b":{"0":[0,1],"1":[1,0],"2":[0,1]},"_coverageSchema":"1a1c01bbd47fc00a2c39e90264f33305004495a9","hash":"746bb39a75f2e47ff063b428aa06481503b819c3"}
,"/Users/romeoenso/Desktop/refluens/exam/ozou-todo/server/src/api/todos/middleware.js": {"path":"/Users/romeoenso/Desktop/refluens/exam/ozou-todo/server/src/api/todos/middleware.js","statementMap":{"0":{"start":{"line":1,"column":12},"end":{"line":1,"column":26}},"1":{"start":{"line":3,"column":19},"end":{"line":17,"column":1}},"2":{"start":{"line":4,"column":2},"end":{"line":16,"column":3}},"3":{"start":{"line":5,"column":20},"end":{"line":5,"column":50}},"4":{"start":{"line":6,"column":16},"end":{"line":6,"column":29}},"5":{"start":{"line":8,"column":2},"end":{"line":15,"column":46}},"6":{"start":{"line":9,"column":4},"end":{"line":9,"column":11}},"7":{"start":{"line":11,"column":24},"end":{"line":11,"column":29}},"8":{"start":{"line":12,"column":20},"end":{"line":12,"column":57}},"9":{"start":{"line":12,"column":37},"end":{"line":12,"column":46}},"10":{"start":{"line":14,"column":4},"end":{"line":14,"column":34}},"11":{"start":{"line":15,"column":4},"end":{"line":15,"column":44}},"12":{"start":{"line":19,"column":0},"end":{"line":19,"column":28}}},"fnMap":{"0":{"name":"(anonymous_0)","decl":{"start":{"line":3,"column":19},"end":{"line":3,"column":20}},"loc":{"start":{"line":3,"column":41},"end":{"line":17,"column":1}},"line":3},"1":{"name":"(anonymous_1)","decl":{"start":{"line":4,"column":9},"end":{"line":4,"column":10}},"loc":{"start":{"line":4,"column":29},"end":{"line":16,"column":3}},"line":4},"2":{"name":"(anonymous_2)","decl":{"start":{"line":12,"column":32},"end":{"line":12,"column":33}},"loc":{"start":{"line":12,"column":37},"end":{"line":12,"column":46}},"line":12}},"branchMap":{"0":{"loc":{"start":{"line":8,"column":2},"end":{"line":15,"column":46}},"type":"if","locations":[{"start":{"line":8,"column":2},"end":{"line":15,"column":46}},{"start":{"line":8,"column":2},"end":{"line":15,"column":46}}],"line":8}},"s":{"0":1,"1":1,"2":4,"3":5,"4":5,"5":5,"6":4,"7":1,"8":1,"9":1,"10":1,"11":1,"12":1},"f":{"0":4,"1":5,"2":1},"b":{"0":[4,1]},"_coverageSchema":"1a1c01bbd47fc00a2c39e90264f33305004495a9","hash":"fe94cdfd74a51b48ec27c95d9a190eacdcc24ef8"}
,"/Users/romeoenso/Desktop/refluens/exam/ozou-todo/server/src/api/todos/router.js": {"path":"/Users/romeoenso/Desktop/refluens/exam/ozou-todo/server/src/api/todos/router.js","statementMap":{"0":{"start":{"line":1,"column":16},"end":{"line":1,"column":34}},"1":{"start":{"line":2,"column":19},"end":{"line":2,"column":42}},"2":{"start":{"line":3,"column":19},"end":{"line":3,"column":42}},"3":{"start":{"line":4,"column":16},"end":{"line":4,"column":36}},"4":{"start":{"line":6,"column":15},"end":{"line":6,"column":31}},"5":{"start":{"line":8,"column":0},"end":{"line":8,"column":37}},"6":{"start":{"line":9,"column":0},"end":{"line":9,"column":69}},"7":{"start":{"line":10,"column":0},"end":{"line":10,"column":71}},"8":{"start":{"line":11,"column":0},"end":{"line":11,"column":83}},"9":{"start":{"line":12,"column":0},"end":{"line":12,"column":82}},"10":{"start":{"line":14,"column":0},"end":{"line":14,"column":24}}},"fnMap":{},"branchMap":{},"s":{"0":1,"1":1,"2":1,"3":1,"4":1,"5":1,"6":1,"7":1,"8":1,"9":1,"10":1},"f":{},"b":{},"_coverageSchema":"1a1c01bbd47fc00a2c39e90264f33305004495a9","hash":"49c9bc09fc7540f7620a01b7f0f8de15aa03d1c4"}
,"/Users/romeoenso/Desktop/refluens/exam/ozou-todo/server/src/api/todos/schemas.js": {"path":"/Users/romeoenso/Desktop/refluens/exam/ozou-todo/server/src/api/todos/schemas.js","statementMap":{"0":{"start":{"line":1,"column":12},"end":{"line":1,"column":26}},"1":{"start":{"line":3,"column":16},"end":{"line":14,"column":1}},"2":{"start":{"line":16,"column":0},"end":{"line":16,"column":25}}},"fnMap":{},"branchMap":{},"s":{"0":1,"1":1,"2":1},"f":{},"b":{},"_coverageSchema":"1a1c01bbd47fc00a2c39e90264f33305004495a9","hash":"3f285e68d3f5e5630552b41bf554a593872dda92"}
,"/Users/romeoenso/Desktop/refluens/exam/ozou-todo/server/src/config/middleware.js": {"path":"/Users/romeoenso/Desktop/refluens/exam/ozou-todo/server/src/config/middleware.js","statementMap":{"0":{"start":{"line":1,"column":16},"end":{"line":1,"column":34}},"1":{"start":{"line":2,"column":13},"end":{"line":2,"column":28}},"2":{"start":{"line":3,"column":15},"end":{"line":3,"column":32}},"3":{"start":{"line":5,"column":0},"end":{"line":10,"column":1}},"4":{"start":{"line":6,"column":2},"end":{"line":6,"column":17}},"5":{"start":{"line":7,"column":2},"end":{"line":7,"column":25}},"6":{"start":{"line":8,"column":2},"end":{"line":8,"column":26}},"7":{"start":{"line":9,"column":2},"end":{"line":9,"column":50}}},"fnMap":{"0":{"name":"(anonymous_0)","decl":{"start":{"line":5,"column":17},"end":{"line":5,"column":18}},"loc":{"start":{"line":5,"column":26},"end":{"line":10,"column":1}},"line":5}},"branchMap":{},"s":{"0":1,"1":1,"2":1,"3":1,"4":1,"5":1,"6":1,"7":1},"f":{"0":1},"b":{},"_coverageSchema":"1a1c01bbd47fc00a2c39e90264f33305004495a9","hash":"09e669e10396a1279454e842bf0403724994a34b"}
,"/Users/romeoenso/Desktop/refluens/exam/ozou-todo/server/src/config/routes.js": {"path":"/Users/romeoenso/Desktop/refluens/exam/ozou-todo/server/src/config/routes.js","statementMap":{"0":{"start":{"line":1,"column":20},"end":{"line":1,"column":50}},"1":{"start":{"line":3,"column":0},"end":{"line":10,"column":1}},"2":{"start":{"line":4,"column":2},"end":{"line":4,"column":33}},"3":{"start":{"line":6,"column":2},"end":{"line":9,"column":5}},"4":{"start":{"line":7,"column":4},"end":{"line":7,"column":19}},"5":{"start":{"line":8,"column":4},"end":{"line":8,"column":46}}},"fnMap":{"0":{"name":"(anonymous_0)","decl":{"start":{"line":3,"column":17},"end":{"line":3,"column":18}},"loc":{"start":{"line":3,"column":26},"end":{"line":10,"column":1}},"line":3},"1":{"name":"(anonymous_1)","decl":{"start":{"line":6,"column":15},"end":{"line":6,"column":16}},"loc":{"start":{"line":6,"column":32},"end":{"line":9,"column":3}},"line":6}},"branchMap":{},"s":{"0":1,"1":1,"2":1,"3":1,"4":2,"5":2},"f":{"0":1,"1":2},"b":{},"_coverageSchema":"1a1c01bbd47fc00a2c39e90264f33305004495a9","hash":"7b8fc4bd439dedf8077dfcbb7298b598532c2289"}
,"/Users/romeoenso/Desktop/refluens/exam/ozou-todo/server/src/models/SubTask.js": {"path":"/Users/romeoenso/Desktop/refluens/exam/ozou-todo/server/src/models/SubTask.js","statementMap":{"0":{"start":{"line":2,"column":0},"end":{"line":12,"column":2}},"1":{"start":{"line":3,"column":2},"end":{"line":11,"column":5}}},"fnMap":{"0":{"name":"(anonymous_0)","decl":{"start":{"line":2,"column":17},"end":{"line":2,"column":18}},"loc":{"start":{"line":2,"column":48},"end":{"line":12,"column":1}},"line":2}},"branchMap":{},"s":{"0":1,"1":1},"f":{"0":1},"b":{},"_coverageSchema":"1a1c01bbd47fc00a2c39e90264f33305004495a9","hash":"b8f0bfd4a34d9e6e119c8f578c67b76dca4b0762"}
,"/Users/romeoenso/Desktop/refluens/exam/ozou-todo/server/src/models/Todo.js": {"path":"/Users/romeoenso/Desktop/refluens/exam/ozou-todo/server/src/models/Todo.js","statementMap":{"0":{"start":{"line":2,"column":0},"end":{"line":11,"column":2}},"1":{"start":{"line":3,"column":2},"end":{"line":10,"column":5}}},"fnMap":{"0":{"name":"(anonymous_0)","decl":{"start":{"line":2,"column":17},"end":{"line":2,"column":18}},"loc":{"start":{"line":2,"column":48},"end":{"line":11,"column":1}},"line":2}},"branchMap":{},"s":{"0":1,"1":1},"f":{"0":1},"b":{},"_coverageSchema":"1a1c01bbd47fc00a2c39e90264f33305004495a9","hash":"3012f289d7777d9b9e71988c825b2b41420bb1a9"}
,"/Users/romeoenso/Desktop/refluens/exam/ozou-todo/server/src/models/index.js": {"path":"/Users/romeoenso/Desktop/refluens/exam/ozou-todo/server/src/models/index.js","statementMap":{"0":{"start":{"line":3,"column":18},"end":{"line":3,"column":38}},"1":{"start":{"line":4,"column":12},"end":{"line":4,"column":25}},"2":{"start":{"line":5,"column":15},"end":{"line":5,"column":52}},"3":{"start":{"line":7,"column":18},"end":{"line":10,"column":2}},"4":{"start":{"line":12,"column":0},"end":{"line":28,"column":3}},"5":{"start":{"line":13,"column":2},"end":{"line":27,"column":3}},"6":{"start":{"line":14,"column":4},"end":{"line":14,"column":59}},"7":{"start":{"line":15,"column":4},"end":{"line":15,"column":44}},"8":{"start":{"line":16,"column":4},"end":{"line":16,"column":44}},"9":{"start":{"line":17,"column":4},"end":{"line":17,"column":48}},"10":{"start":{"line":18,"column":4},"end":{"line":18,"column":40}},"11":{"start":{"line":19,"column":4},"end":{"line":19,"column":40}},"12":{"start":{"line":21,"column":4},"end":{"line":21,"column":31}},"13":{"start":{"line":22,"column":4},"end":{"line":22,"column":40}},"14":{"start":{"line":23,"column":4},"end":{"line":23,"column":44}},"15":{"start":{"line":24,"column":4},"end":{"line":24,"column":44}},"16":{"start":{"line":25,"column":4},"end":{"line":25,"column":40}},"17":{"start":{"line":26,"column":4},"end":{"line":26,"column":65}},"18":{"start":{"line":30,"column":15},"end":{"line":33,"column":1}},"19":{"start":{"line":35,"column":0},"end":{"line":37,"column":3}},"20":{"start":{"line":36,"column":2},"end":{"line":36,"column":68}},"21":{"start":{"line":40,"column":0},"end":{"line":43,"column":19}},"22":{"start":{"line":41,"column":2},"end":{"line":41,"column":28}},"23":{"start":{"line":42,"column":2},"end":{"line":42,"column":30}},"24":{"start":{"line":45,"column":0},"end":{"line":45,"column":30}}},"fnMap":{"0":{"name":"(anonymous_0)","decl":{"start":{"line":12,"column":30},"end":{"line":12,"column":31}},"loc":{"start":{"line":12,"column":44},"end":{"line":28,"column":1}},"line":12},"1":{"name":"(anonymous_1)","decl":{"start":{"line":35,"column":15},"end":{"line":35,"column":16}},"loc":{"start":{"line":35,"column":31},"end":{"line":37,"column":1}},"line":35},"2":{"name":"(anonymous_2)","decl":{"start":{"line":40,"column":1},"end":{"line":40,"column":2}},"loc":{"start":{"line":40,"column":13},"end":{"line":43,"column":1}},"line":40}},"branchMap":{"0":{"loc":{"start":{"line":13,"column":2},"end":{"line":27,"column":3}},"type":"if","locations":[{"start":{"line":13,"column":2},"end":{"line":27,"column":3}},{"start":{"line":13,"column":2},"end":{"line":27,"column":3}}],"line":13}},"s":{"0":1,"1":1,"2":1,"3":1,"4":1,"5":1,"6":0,"7":0,"8":0,"9":0,"10":0,"11":0,"12":1,"13":1,"14":1,"15":1,"16":1,"17":1,"18":1,"19":1,"20":2,"21":1,"22":1,"23":1,"24":1},"f":{"0":1,"1":2,"2":1},"b":{"0":[0,1]},"_coverageSchema":"1a1c01bbd47fc00a2c39e90264f33305004495a9","hash":"6f8963698ded55f1b54ac08bf10227bc8e1f0a5d"}
}
